2025-09-07 13:19:29,913 [INFO] === NEW RUN START ===
2025-09-07 13:19:33,195 [INFO] [INGEST] Barcode lookup: 3017620429484  \u2192 Nutella
2025-09-07 13:19:33,206 [INFO] [NORMALIZE] Product ingredients: ['sucre', 'huile de palme', 'noisettes 13', 'lait ï¿½crï¿½mï¿½ en poudre 8', '7', 'cacao maigre 7', '4', 'ï¿½mulsifiants  lï¿½cithines  soja  vanilline']
2025-09-07 13:19:33,207 [INFO] [NORMALIZE] Product nutrients: {'energy_kcal': 539.0, 'sugars_g': 56.3, 'salt_g': 0.107, 'fat_g': 30.9, 'saturated_fat_g': 10.6, 'fiber_g': 0, 'proteins_g': 6.3}
2025-09-07 13:19:33,210 [INFO] === RUN COMPLETE ===

2025-09-07 13:20:18,511 [INFO] === NEW RUN START ===
2025-09-07 13:20:18,521 [INFO] [NORMALIZE] Product ingredients: ['sucre', 'huile de palme', 'noisettes 13', 'lait ï¿½crï¿½mï¿½ en poudre 8', '7', 'cacao maigre 7', '4', 'ï¿½mulsifiants  lï¿½cithines  soja  vanilline']
2025-09-07 13:20:18,521 [INFO] [NORMALIZE] Product nutrients: {'energy_kcal': 539.0, 'sugars_g': 56.3, 'salt_g': 0.107, 'fat_g': 30.9, 'saturated_fat_g': 10.6, 'fiber_g': 0, 'proteins_g': 6.3}
2025-09-07 13:20:18,522 [INFO] [SCORE] Calculation started
2025-09-07 13:20:18,526 [INFO] [SCORE] Result: 34, Band: Unhealthy, Grade: E
2025-09-07 13:20:18,526 [INFO] [EXPLAIN] Drivers: ['Very high energy: 539.0 kcal/100g', 'High sugar content: 56.3 g/100g', 'High saturated fat: 10.6 g/100g', 'Good protein: 6.3 g/100g']
2025-09-07 13:20:18,527 [INFO] [EXPLAIN] Evidence: ['Energy > 335 kcal/100g', 'Sugars > 45 g/100g', 'Saturated fat > 10 g/100g', 'Protein > 4.8 g/100g']
2025-09-07 13:20:18,528 [INFO] === RUN COMPLETE ===

2025-09-07 15:03:10,654 [INFO] === NEW RUN START ===
2025-09-07 15:03:10,658 [INFO] === RUN COMPLETE ===

2025-09-07 15:03:19,717 [INFO] === NEW RUN START ===
2025-09-07 15:03:19,724 [INFO] === RUN COMPLETE ===

2025-09-07 15:03:19,946 [INFO] === NEW RUN START ===
2025-09-07 15:03:24,001 [INFO] [INGEST] Product search: salade \u2192 Selected Real Mayonnaise
2025-09-07 15:03:24,006 [INFO] [NORMALIZE] Product ingredients: ['fat 78', '_egg_', '_egg_ yolk 7', '9', 'water', 'spirit vinegar', 'sugar', 'salt', 'lemon juice concentrate', 'flavourings', 'antioxidant calcium disodium edta', 'paprika extract', 'fat']
2025-09-07 15:03:24,006 [INFO] [NORMALIZE] Product nutrients: {'energy_kcal': 725.0, 'sugars_g': 1.3, 'salt_g': 1.2, 'fat_g': 79.0, 'saturated_fat_g': 6.2, 'fiber_g': 0, 'proteins_g': 1.1}
2025-09-07 15:03:24,008 [INFO] === RUN COMPLETE ===

2025-09-07 15:03:30,900 [INFO] === NEW RUN START ===
2025-09-07 15:03:30,905 [INFO] [NORMALIZE] Product ingredients: ['fat 78', '_egg_', '_egg_ yolk 7', '9', 'water', 'spirit vinegar', 'sugar', 'salt', 'lemon juice concentrate', 'flavourings', 'antioxidant calcium disodium edta', 'paprika extract', 'fat']
2025-09-07 15:03:30,906 [INFO] [NORMALIZE] Product nutrients: {'energy_kcal': 725.0, 'sugars_g': 1.3, 'salt_g': 1.2, 'fat_g': 79.0, 'saturated_fat_g': 6.2, 'fiber_g': 0, 'proteins_g': 1.1}
2025-09-07 15:03:30,907 [INFO] === RUN COMPLETE ===

2025-09-07 15:03:37,845 [INFO] === NEW RUN START ===
2025-09-07 15:03:37,850 [INFO] [NORMALIZE] Product ingredients: ['fat 78', '_egg_', '_egg_ yolk 7', '9', 'water', 'spirit vinegar', 'sugar', 'salt', 'lemon juice concentrate', 'flavourings', 'antioxidant calcium disodium edta', 'paprika extract', 'fat']
2025-09-07 15:03:37,850 [INFO] [NORMALIZE] Product nutrients: {'energy_kcal': 725.0, 'sugars_g': 1.3, 'salt_g': 1.2, 'fat_g': 79.0, 'saturated_fat_g': 6.2, 'fiber_g': 0, 'proteins_g': 1.1}
2025-09-07 15:03:37,851 [INFO] [SCORE] Calculation started
2025-09-07 15:03:37,853 [INFO] [SCORE] Result: 44, Band: Less Healthy, Grade: D
2025-09-07 15:03:37,853 [INFO] [EXPLAIN] Drivers: ['Very high energy: 725.0 kcal/100g', 'High saturated fat: 6.2 g/100g', 'High sodium: 1.20 g salt/100g']
2025-09-07 15:03:37,853 [INFO] [EXPLAIN] Evidence: ['Energy > 670 kcal/100g', 'Saturated fat > 6 g/100g', 'Sodium > 450 mg/100g']
2025-09-07 15:03:37,855 [INFO] === RUN COMPLETE ===

2025-09-07 15:04:00,803 [INFO] === NEW RUN START ===
2025-09-07 15:04:03,697 [INFO] [INGEST] Product search: salade \u2192 Selected Real Mayonnaise
2025-09-07 15:04:03,701 [INFO] [NORMALIZE] Product ingredients: ['fat 78', '_egg_', '_egg_ yolk 7', '9', 'water', 'spirit vinegar', 'sugar', 'salt', 'lemon juice concentrate', 'flavourings', 'antioxidant calcium disodium edta', 'paprika extract', 'fat']
2025-09-07 15:04:03,701 [INFO] [NORMALIZE] Product nutrients: {'energy_kcal': 725.0, 'sugars_g': 1.3, 'salt_g': 1.2, 'fat_g': 79.0, 'saturated_fat_g': 6.2, 'fiber_g': 0, 'proteins_g': 1.1}
2025-09-07 15:04:03,703 [INFO] === RUN COMPLETE ===

2025-09-07 15:04:08,836 [INFO] === NEW RUN START ===
2025-09-07 15:04:08,843 [INFO] [NORMALIZE] Product ingredients: ['fat 78', '_egg_', '_egg_ yolk 7', '9', 'water', 'spirit vinegar', 'sugar', 'salt', 'lemon juice concentrate', 'flavourings', 'antioxidant calcium disodium edta', 'paprika extract', 'fat']
2025-09-07 15:04:08,844 [INFO] [NORMALIZE] Product nutrients: {'energy_kcal': 725.0, 'sugars_g': 1.3, 'salt_g': 1.2, 'fat_g': 79.0, 'saturated_fat_g': 6.2, 'fiber_g': 0, 'proteins_g': 1.1}
2025-09-07 15:04:08,844 [INFO] [SCORE] Calculation started
2025-09-07 15:04:08,846 [INFO] [SCORE] Result: 44, Band: Less Healthy, Grade: D
2025-09-07 15:04:08,846 [INFO] [EXPLAIN] Drivers: ['Very high energy: 725.0 kcal/100g', 'High saturated fat: 6.2 g/100g', 'High sodium: 1.20 g salt/100g']
2025-09-07 15:04:08,846 [INFO] [EXPLAIN] Evidence: ['Energy > 670 kcal/100g', 'Saturated fat > 6 g/100g', 'Sodium > 450 mg/100g']
2025-09-07 15:04:08,847 [INFO] === RUN COMPLETE ===

2025-09-07 15:04:12,211 [INFO] === NEW RUN START ===
2025-09-07 15:04:15,722 [INFO] [INGEST] Product search: salade \u2192 Selected Real Mayonnaise
2025-09-07 15:04:15,727 [INFO] [NORMALIZE] Product ingredients: ['fat 78', '_egg_', '_egg_ yolk 7', '9', 'water', 'spirit vinegar', 'sugar', 'salt', 'lemon juice concentrate', 'flavourings', 'antioxidant calcium disodium edta', 'paprika extract', 'fat']
2025-09-07 15:04:15,727 [INFO] [NORMALIZE] Product nutrients: {'energy_kcal': 725.0, 'sugars_g': 1.3, 'salt_g': 1.2, 'fat_g': 79.0, 'saturated_fat_g': 6.2, 'fiber_g': 0, 'proteins_g': 1.1}
2025-09-07 15:04:15,729 [INFO] === RUN COMPLETE ===

2025-09-07 15:04:18,377 [INFO] === NEW RUN START ===
2025-09-07 15:04:18,382 [INFO] [NORMALIZE] Product ingredients: ['fat 78', '_egg_', '_egg_ yolk 7', '9', 'water', 'spirit vinegar', 'sugar', 'salt', 'lemon juice concentrate', 'flavourings', 'antioxidant calcium disodium edta', 'paprika extract', 'fat']
2025-09-07 15:04:18,382 [INFO] [NORMALIZE] Product nutrients: {'energy_kcal': 725.0, 'sugars_g': 1.3, 'salt_g': 1.2, 'fat_g': 79.0, 'saturated_fat_g': 6.2, 'fiber_g': 0, 'proteins_g': 1.1}
2025-09-07 15:04:18,383 [INFO] === RUN COMPLETE ===

2025-09-07 15:04:29,141 [INFO] === NEW RUN START ===
2025-09-07 15:04:29,143 [INFO] === RUN COMPLETE ===

2025-09-07 15:05:14,097 [INFO] === NEW RUN START ===
2025-09-07 15:05:14,102 [INFO] === RUN COMPLETE ===

2025-09-07 15:05:17,124 [INFO] === NEW RUN START ===
2025-09-07 15:05:17,133 [INFO] === RUN COMPLETE ===

2025-09-07 15:05:17,353 [INFO] === NEW RUN START ===
2025-09-07 15:05:20,321 [INFO] [INGEST] OCR text extracted from URL: https://c8.alamy.com/comp/BA63M6/nutritional-label-on-food-packaging-for-ready-salted-crisps-BA63M6.jpg
2025-09-07 15:05:20,322 [INFO] [NORMALIZE] Ingredients: ['typical nutritional values', 'per 25g pack per 100g', 'energy 550 kj 2200 kj', '133 kcal 530_ kcal', 'carbohydrate 123 g 490 g', 'of which sugars 01 g 05 g', 'fat 85 g 40 g', 'of which saturates 07 g 26 g', 'of which monounsaturates 68 g 70', 'of which polyunsaturates 07 g 29 g', 'fibre', 'sodium', 'equivalent as salt  04', 'per 25gbag 133 calories 85g fat', 'guideline daily amounts', 'tra  95  70g  70g', 'saturates   30g _ 20a  208', 'fibre 24g', 'salt ég_ 6e', 'average values for adults and children', 'individual requirements may vary']
2025-09-07 15:05:20,322 [INFO] [NORMALIZE] Nutrients: {'energy_kcal': 133.0, 'fat_g': 8.5, 'salt_g': 24.0}
2025-09-07 15:05:20,325 [INFO] === RUN COMPLETE ===

2025-09-07 15:05:24,461 [INFO] === NEW RUN START ===
2025-09-07 15:05:24,467 [INFO] [SCORE] Calculation started
2025-09-07 15:05:24,470 [INFO] [SCORE] Result: 50, Band: Moderate, Grade: C
2025-09-07 15:05:24,472 [INFO] [EXPLAIN] Drivers: ['High sodium: 24.00 g salt/100g']
2025-09-07 15:05:24,472 [INFO] [EXPLAIN] Evidence: ['Sodium > 900 mg/100g']
2025-09-07 15:05:24,473 [INFO] === RUN COMPLETE ===

2025-09-07 15:07:46,423 [INFO] === NEW RUN START ===
2025-09-07 15:07:46,426 [INFO] === RUN COMPLETE ===

2025-09-07 15:07:48,688 [INFO] === NEW RUN START ===
2025-09-07 15:07:48,697 [INFO] === RUN COMPLETE ===

2025-09-07 15:07:51,121 [INFO] === NEW RUN START ===
2025-09-07 15:07:51,127 [INFO] === RUN COMPLETE ===

2025-09-07 15:07:51,343 [INFO] === NEW RUN START ===
2025-09-07 15:07:52,813 [INFO] [INGEST] OCR text extracted from URL: https://c8.alamy.com/comp/BA63M6/nutritional-label-on-food-packaging-for-ready-salted-crisps-BA63M6.jpg
2025-09-07 15:07:52,814 [INFO] [NORMALIZE] Ingredients: ['typical nutritional values', 'per 25g pack per 100g', 'energy 550 kj 2200 kj', '133 kcal 530_ kcal', 'carbohydrate 123 g 490 g', 'of which sugars 01 g 05 g', 'fat 85 g 40 g', 'of which saturates 07 g 26 g', 'of which monounsaturates 68 g 70', 'of which polyunsaturates 07 g 29 g', 'fibre', 'sodium', 'equivalent as salt  04', 'per 25gbag 133 calories 85g fat', 'guideline daily amounts', 'tra  95  70g  70g', 'saturates   30g _ 20a  208', 'fibre 24g', 'salt ég_ 6e', 'average values for adults and children', 'individual requirements may vary']
2025-09-07 15:07:52,814 [INFO] [NORMALIZE] Nutrients: {'energy_kcal': 133.0, 'fat_g': 8.5, 'salt_g': 24.0}
2025-09-07 15:07:52,818 [INFO] === RUN COMPLETE ===

2025-09-07 15:07:55,218 [INFO] === NEW RUN START ===
2025-09-07 15:07:55,224 [INFO] [SCORE] Calculation started
2025-09-07 15:07:55,227 [INFO] [SCORE] Result: 50, Band: Moderate, Grade: C
2025-09-07 15:07:55,227 [INFO] [EXPLAIN] Drivers: ['High sodium: 24.00 g salt/100g']
2025-09-07 15:07:55,228 [INFO] [EXPLAIN] Evidence: ['Sodium > 900 mg/100g']
2025-09-07 15:07:55,232 [INFO] === RUN COMPLETE ===

2025-09-07 15:07:57,362 [INFO] === NEW RUN START ===
2025-09-07 15:07:57,369 [INFO] === RUN COMPLETE ===

2025-09-07 15:08:02,501 [INFO] === NEW RUN START ===
2025-09-07 15:08:02,506 [INFO] === RUN COMPLETE ===

2025-09-07 15:08:04,098 [INFO] === NEW RUN START ===
2025-09-07 15:08:07,783 [INFO] === RUN COMPLETE ===

2025-09-07 15:08:16,462 [INFO] === NEW RUN START ===
2025-09-07 15:08:16,469 [INFO] === RUN COMPLETE ===

2025-09-07 15:08:18,251 [INFO] === NEW RUN START ===
2025-09-07 15:08:18,256 [INFO] [SCORE] Calculation started
2025-09-07 15:08:18,259 [INFO] [SCORE] Result: 50, Band: Moderate, Grade: C
2025-09-07 15:08:18,259 [INFO] [EXPLAIN] Drivers: ['High sodium: 24.00 g salt/100g']
2025-09-07 15:08:18,259 [INFO] [EXPLAIN] Evidence: ['Sodium > 900 mg/100g']
2025-09-07 15:08:18,261 [INFO] === RUN COMPLETE ===

2025-09-07 15:08:25,104 [INFO] === NEW RUN START ===
2025-09-07 15:08:25,111 [INFO] === RUN COMPLETE ===

2025-09-07 15:08:28,444 [INFO] === NEW RUN START ===
2025-09-07 15:08:28,452 [INFO] === RUN COMPLETE ===

2025-09-07 15:08:31,406 [INFO] === NEW RUN START ===
2025-09-07 15:08:31,414 [INFO] === RUN COMPLETE ===

2025-09-07 15:08:31,626 [INFO] === NEW RUN START ===
2025-09-07 15:08:33,700 [INFO] [INGEST] Product search failed: https://c8.alamy.com/comp/BA63M6/nutritional-label-on-food-packaging-for-ready-salted-crisps-BA63M6.jpg
2025-09-07 15:08:33,703 [INFO] === RUN COMPLETE ===

2025-09-07 15:08:36,652 [INFO] === NEW RUN START ===
2025-09-07 15:08:36,659 [INFO] === RUN COMPLETE ===

2025-09-07 15:08:40,692 [INFO] === NEW RUN START ===
2025-09-07 15:08:40,701 [INFO] [INGEST] OCR text extracted from URL: 
2025-09-07 15:08:40,702 [INFO] [NORMALIZE] Ingredients: []
2025-09-07 15:08:40,702 [INFO] [NORMALIZE] Nutrients: {}
2025-09-07 15:08:40,706 [INFO] === RUN COMPLETE ===

2025-09-07 15:16:24,439 [INFO] === NEW RUN START ===
2025-09-07 15:16:24,503 [INFO] === RUN COMPLETE ===

2025-09-07 15:16:29,141 [INFO] === NEW RUN START ===
2025-09-07 15:16:29,152 [INFO] === RUN COMPLETE ===

2025-09-07 15:16:29,361 [INFO] === NEW RUN START ===
2025-09-07 15:16:33,873 [INFO] [INGEST] Product search: coca-cola \u2192 Selected coca cola 0,5
2025-09-07 15:16:33,877 [INFO] [NORMALIZE] Product ingredients: ['water', 'fructoseglucose syrup', 'carbon dioxide', 'colorant e150d', 'acid phosphoric acid', 'natural flavors', 'caffeine flavoring']
2025-09-07 15:16:33,877 [INFO] [NORMALIZE] Product nutrients: {'energy_kcal': 42.0, 'sugars_g': 10.6, 'salt_g': 0, 'fat_g': 0, 'saturated_fat_g': 0, 'fiber_g': 0, 'proteins_g': 0}
2025-09-07 15:16:33,878 [INFO] === RUN COMPLETE ===

2025-09-07 15:16:38,017 [INFO] === NEW RUN START ===
2025-09-07 15:16:38,026 [INFO] [NORMALIZE] Product ingredients: ['water', 'fructoseglucose syrup', 'carbon dioxide', 'colorant e150d', 'acid phosphoric acid', 'natural flavors', 'caffeine flavoring']
2025-09-07 15:16:38,026 [INFO] [NORMALIZE] Product nutrients: {'energy_kcal': 42.0, 'sugars_g': 10.6, 'salt_g': 0, 'fat_g': 0, 'saturated_fat_g': 0, 'fiber_g': 0, 'proteins_g': 0}
2025-09-07 15:16:38,028 [INFO] === RUN COMPLETE ===

2025-09-07 15:16:44,076 [INFO] === NEW RUN START ===
2025-09-07 15:16:46,543 [INFO] [INGEST] Product search: coca-cola \u2192 Selected coca cola 0,5
2025-09-07 15:16:46,549 [INFO] [NORMALIZE] Product ingredients: ['water', 'fructoseglucose syrup', 'carbon dioxide', 'colorant e150d', 'acid phosphoric acid', 'natural flavors', 'caffeine flavoring']
2025-09-07 15:16:46,549 [INFO] [NORMALIZE] Product nutrients: {'energy_kcal': 42.0, 'sugars_g': 10.6, 'salt_g': 0, 'fat_g': 0, 'saturated_fat_g': 0, 'fiber_g': 0, 'proteins_g': 0}
2025-09-07 15:16:46,552 [INFO] === RUN COMPLETE ===

2025-09-07 15:16:49,969 [INFO] === NEW RUN START ===
2025-09-07 15:16:49,981 [INFO] [NORMALIZE] Product ingredients: ['water', 'fructoseglucose syrup', 'carbon dioxide', 'colorant e150d', 'acid phosphoric acid', 'natural flavors', 'caffeine flavoring']
2025-09-07 15:16:49,981 [INFO] [NORMALIZE] Product nutrients: {'energy_kcal': 42.0, 'sugars_g': 10.6, 'salt_g': 0, 'fat_g': 0, 'saturated_fat_g': 0, 'fiber_g': 0, 'proteins_g': 0}
2025-09-07 15:16:49,984 [INFO] === RUN COMPLETE ===

2025-09-07 15:16:55,185 [INFO] === NEW RUN START ===
2025-09-07 15:16:58,328 [INFO] [INGEST] Product search: coca-cola \u2192 Selected coca cola 0,5
2025-09-07 15:16:58,336 [INFO] [NORMALIZE] Product ingredients: ['water', 'fructoseglucose syrup', 'carbon dioxide', 'colorant e150d', 'acid phosphoric acid', 'natural flavors', 'caffeine flavoring']
2025-09-07 15:16:58,336 [INFO] [NORMALIZE] Product nutrients: {'energy_kcal': 42.0, 'sugars_g': 10.6, 'salt_g': 0, 'fat_g': 0, 'saturated_fat_g': 0, 'fiber_g': 0, 'proteins_g': 0}
2025-09-07 15:16:58,338 [INFO] === RUN COMPLETE ===

2025-09-07 15:17:03,451 [INFO] === NEW RUN START ===
2025-09-07 15:17:03,472 [INFO] [NORMALIZE] Product ingredients: ['water', 'fructoseglucose syrup', 'carbon dioxide', 'colorant e150d', 'acid phosphoric acid', 'natural flavors', 'caffeine flavoring']
2025-09-07 15:17:03,472 [INFO] [NORMALIZE] Product nutrients: {'energy_kcal': 42.0, 'sugars_g': 10.6, 'salt_g': 0, 'fat_g': 0, 'saturated_fat_g': 0, 'fiber_g': 0, 'proteins_g': 0}
2025-09-07 15:17:03,474 [INFO] [SCORE] Calculation started
2025-09-07 15:19:33,878 [INFO] === NEW RUN START ===
2025-09-07 15:19:33,885 [INFO] [NORMALIZE] Product ingredients: ['water', 'fructoseglucose syrup', 'carbon dioxide', 'colorant e150d', 'acid phosphoric acid', 'natural flavors', 'caffeine flavoring']
2025-09-07 15:19:33,885 [INFO] [NORMALIZE] Product nutrients: {'energy_kcal': 42.0, 'sugars_g': 10.6, 'salt_g': 0, 'fat_g': 0, 'saturated_fat_g': 0, 'fiber_g': 0, 'proteins_g': 0}
2025-09-07 15:19:33,887 [INFO] === RUN COMPLETE ===

2025-09-07 15:19:36,557 [INFO] === NEW RUN START ===
2025-09-07 15:19:36,569 [INFO] [NORMALIZE] Product ingredients: ['water', 'fructoseglucose syrup', 'carbon dioxide', 'colorant e150d', 'acid phosphoric acid', 'natural flavors', 'caffeine flavoring']
2025-09-07 15:19:36,569 [INFO] [NORMALIZE] Product nutrients: {'energy_kcal': 42.0, 'sugars_g': 10.6, 'salt_g': 0, 'fat_g': 0, 'saturated_fat_g': 0, 'fiber_g': 0, 'proteins_g': 0}
2025-09-07 15:19:36,573 [INFO] === RUN COMPLETE ===

2025-09-07 15:19:42,463 [INFO] === NEW RUN START ===
2025-09-07 15:19:42,474 [INFO] [NORMALIZE] Product ingredients: ['water', 'fructoseglucose syrup', 'carbon dioxide', 'colorant e150d', 'acid phosphoric acid', 'natural flavors', 'caffeine flavoring']
2025-09-07 15:19:42,475 [INFO] [NORMALIZE] Product nutrients: {'energy_kcal': 42.0, 'sugars_g': 10.6, 'salt_g': 0, 'fat_g': 0, 'saturated_fat_g': 0, 'fiber_g': 0, 'proteins_g': 0}
2025-09-07 15:19:42,477 [INFO] === RUN COMPLETE ===

2025-09-07 15:19:42,689 [INFO] === NEW RUN START ===
2025-09-07 15:19:47,678 [INFO] [INGEST] Product search: coca-cola \u2192 Selected coca cola 0,5
2025-09-07 15:19:47,682 [INFO] [NORMALIZE] Product ingredients: ['water', 'fructoseglucose syrup', 'carbon dioxide', 'colorant e150d', 'acid phosphoric acid', 'natural flavors', 'caffeine flavoring']
2025-09-07 15:19:47,683 [INFO] [NORMALIZE] Product nutrients: {'energy_kcal': 42.0, 'sugars_g': 10.6, 'salt_g': 0, 'fat_g': 0, 'saturated_fat_g': 0, 'fiber_g': 0, 'proteins_g': 0}
2025-09-07 15:19:47,686 [INFO] === RUN COMPLETE ===

2025-09-07 15:19:50,407 [INFO] === NEW RUN START ===
2025-09-07 15:19:50,418 [INFO] [NORMALIZE] Product ingredients: ['water', 'fructoseglucose syrup', 'carbon dioxide', 'colorant e150d', 'acid phosphoric acid', 'natural flavors', 'caffeine flavoring']
2025-09-07 15:19:50,418 [INFO] [NORMALIZE] Product nutrients: {'energy_kcal': 42.0, 'sugars_g': 10.6, 'salt_g': 0, 'fat_g': 0, 'saturated_fat_g': 0, 'fiber_g': 0, 'proteins_g': 0}
2025-09-07 15:19:50,421 [INFO] === RUN COMPLETE ===

2025-09-07 15:19:55,099 [INFO] === NEW RUN START ===
2025-09-07 15:19:55,108 [INFO] [NORMALIZE] Product ingredients: ['water', 'fructoseglucose syrup', 'carbon dioxide', 'colorant e150d', 'acid phosphoric acid', 'natural flavors', 'caffeine flavoring']
2025-09-07 15:19:55,108 [INFO] [NORMALIZE] Product nutrients: {'energy_kcal': 42.0, 'sugars_g': 10.6, 'salt_g': 0, 'fat_g': 0, 'saturated_fat_g': 0, 'fiber_g': 0, 'proteins_g': 0}
2025-09-07 15:19:55,109 [INFO] [SCORE] Calculation started
2025-09-07 15:19:55,112 [INFO] [SCORE] Result: 66, Band: Lightly Healthy, Grade: B
2025-09-07 15:19:55,112 [INFO] [EXPLAIN] Drivers: ['High sugar content: 10.6 g/100g']
2025-09-07 15:19:55,112 [INFO] [EXPLAIN] Evidence: ['Sugars > 9 g/100g']
2025-09-07 15:19:55,114 [INFO] === RUN COMPLETE ===

2025-09-07 15:20:04,865 [INFO] === NEW RUN START ===
2025-09-07 15:20:08,211 [INFO] [INGEST] Product search: coca-cola \u2192 Selected coca cola 0,5
2025-09-07 15:20:08,218 [INFO] [NORMALIZE] Product ingredients: ['water', 'fructoseglucose syrup', 'carbon dioxide', 'colorant e150d', 'acid phosphoric acid', 'natural flavors', 'caffeine flavoring']
2025-09-07 15:20:08,218 [INFO] [NORMALIZE] Product nutrients: {'energy_kcal': 42.0, 'sugars_g': 10.6, 'salt_g': 0, 'fat_g': 0, 'saturated_fat_g': 0, 'fiber_g': 0, 'proteins_g': 0}
2025-09-07 15:20:08,220 [INFO] === RUN COMPLETE ===

2025-09-07 15:24:26,669 [INFO] === NEW RUN START ===
2025-09-07 15:24:26,672 [INFO] [NORMALIZE] Product ingredients: ['water', 'fructoseglucose syrup', 'carbon dioxide', 'colorant e150d', 'acid phosphoric acid', 'natural flavors', 'caffeine flavoring']
2025-09-07 15:24:26,673 [INFO] [NORMALIZE] Product nutrients: {'energy_kcal': 42.0, 'sugars_g': 10.6, 'salt_g': 0, 'fat_g': 0, 'saturated_fat_g': 0, 'fiber_g': 0, 'proteins_g': 0}
2025-09-07 15:24:26,673 [INFO] [SCORE] Calculation started
2025-09-07 15:24:26,674 [INFO] [SCORE] Result: 66, Band: Lightly Healthy, Grade: B
2025-09-07 15:24:26,674 [INFO] [EXPLAIN] Drivers: ['High sugar content: 10.6 g/100g']
2025-09-07 15:24:26,674 [INFO] [EXPLAIN] Evidence: ['Sugars > 9 g/100g']
2025-09-07 15:24:26,675 [INFO] === RUN COMPLETE ===

2025-09-07 15:32:50,339 [INFO] === NEW RUN START ===
2025-09-07 15:32:50,350 [INFO] [NORMALIZE] Product ingredients: ['water', 'fructoseglucose syrup', 'carbon dioxide', 'colorant e150d', 'acid phosphoric acid', 'natural flavors', 'caffeine flavoring']
2025-09-07 15:32:50,351 [INFO] [NORMALIZE] Product nutrients: {'energy_kcal': 42.0, 'sugars_g': 10.6, 'salt_g': 0, 'fat_g': 0, 'saturated_fat_g': 0, 'fiber_g': 0, 'proteins_g': 0}
2025-09-07 15:32:50,353 [INFO] === RUN COMPLETE ===

2025-09-07 15:35:07,622 [INFO] === NEW RUN START ===
2025-09-07 15:35:07,640 [INFO] === RUN COMPLETE ===

2025-09-07 15:35:09,984 [INFO] === NEW RUN START ===
2025-09-07 15:35:09,997 [INFO] === RUN COMPLETE ===

2025-09-07 15:35:17,803 [INFO] === NEW RUN START ===
2025-09-07 15:35:17,812 [INFO] === RUN COMPLETE ===

2025-09-07 15:35:18,017 [INFO] === NEW RUN START ===
2025-09-07 15:35:22,734 [INFO] [INGEST] Product search: coca-cola \u2192 Selected coca cola 0,5
2025-09-07 15:35:22,741 [INFO] [NORMALIZE] Product ingredients: ['water', 'fructoseglucose syrup', 'carbon dioxide', 'colorant e150d', 'acid phosphoric acid', 'natural flavors', 'caffeine flavoring']
2025-09-07 15:35:22,742 [INFO] [NORMALIZE] Product nutrients: {'energy_kcal': 42.0, 'sugars_g': 10.6, 'salt_g': 0, 'fat_g': 0, 'saturated_fat_g': 0, 'fiber_g': 0, 'proteins_g': 0}
2025-09-07 15:35:22,745 [INFO] === RUN COMPLETE ===

2025-09-07 15:35:27,839 [INFO] === NEW RUN START ===
2025-09-07 15:35:27,849 [INFO] [NORMALIZE] Product ingredients: ['water', 'fructoseglucose syrup', 'carbon dioxide', 'colorant e150d', 'acid phosphoric acid', 'natural flavors', 'caffeine flavoring']
2025-09-07 15:35:27,849 [INFO] [NORMALIZE] Product nutrients: {'energy_kcal': 42.0, 'sugars_g': 10.6, 'salt_g': 0, 'fat_g': 0, 'saturated_fat_g': 0, 'fiber_g': 0, 'proteins_g': 0}
2025-09-07 15:35:27,850 [INFO] [SCORE] Calculation started
2025-09-07 15:35:27,852 [INFO] [SCORE] Result: 95, Band: Healthy, Grade: A
2025-09-07 15:35:27,853 [INFO] [EXPLAIN] Drivers: ['Energy: 42.0 kcal/100g', 'Sugars: 10.6 g/100g']
2025-09-07 15:35:27,853 [INFO] [EXPLAIN] Evidence: ['High energy \u2192 negative effect', 'High sugars \u2192 negative effect']
2025-09-07 15:35:27,854 [INFO] === RUN COMPLETE ===

2025-09-07 15:35:33,509 [INFO] === NEW RUN START ===
2025-09-07 15:35:33,519 [INFO] [NORMALIZE] Product ingredients: ['water', 'fructoseglucose syrup', 'carbon dioxide', 'colorant e150d', 'acid phosphoric acid', 'natural flavors', 'caffeine flavoring']
2025-09-07 15:35:33,519 [INFO] [NORMALIZE] Product nutrients: {'energy_kcal': 42.0, 'sugars_g': 10.6, 'salt_g': 0, 'fat_g': 0, 'saturated_fat_g': 0, 'fiber_g': 0, 'proteins_g': 0}
2025-09-07 15:35:33,522 [INFO] === RUN COMPLETE ===

2025-09-07 15:35:36,091 [INFO] === NEW RUN START ===
2025-09-07 15:35:36,102 [INFO] [NORMALIZE] Product ingredients: ['water', 'fructoseglucose syrup', 'carbon dioxide', 'colorant e150d', 'acid phosphoric acid', 'natural flavors', 'caffeine flavoring']
2025-09-07 15:35:36,102 [INFO] [NORMALIZE] Product nutrients: {'energy_kcal': 42.0, 'sugars_g': 10.6, 'salt_g': 0, 'fat_g': 0, 'saturated_fat_g': 0, 'fiber_g': 0, 'proteins_g': 0}
2025-09-07 15:35:36,104 [INFO] === RUN COMPLETE ===

2025-09-07 15:35:36,315 [INFO] === NEW RUN START ===
2025-09-07 15:35:38,395 [INFO] [INGEST] Barcode lookup: 3017620429484 \u2192 Nutella
2025-09-07 15:35:38,405 [INFO] [NORMALIZE] Product ingredients: ['sucre', 'huile de palme', 'noisettes 13', 'lait écrémé en poudre 8', '7', 'cacao maigre 7', '4', 'émulsifiants  lécithines  soja  vanilline']
2025-09-07 15:35:38,405 [INFO] [NORMALIZE] Product nutrients: {'energy_kcal': 539.0, 'sugars_g': 56.3, 'salt_g': 0.107, 'fat_g': 30.9, 'saturated_fat_g': 10.6, 'fiber_g': 0, 'proteins_g': 6.3}
2025-09-07 15:35:38,408 [INFO] === RUN COMPLETE ===

2025-09-07 15:35:40,805 [INFO] === NEW RUN START ===
2025-09-07 15:35:40,817 [INFO] [NORMALIZE] Product ingredients: ['sucre', 'huile de palme', 'noisettes 13', 'lait écrémé en poudre 8', '7', 'cacao maigre 7', '4', 'émulsifiants  lécithines  soja  vanilline']
2025-09-07 15:35:40,817 [INFO] [NORMALIZE] Product nutrients: {'energy_kcal': 539.0, 'sugars_g': 56.3, 'salt_g': 0.107, 'fat_g': 30.9, 'saturated_fat_g': 10.6, 'fiber_g': 0, 'proteins_g': 6.3}
2025-09-07 15:35:40,818 [INFO] [SCORE] Calculation started
2025-09-07 15:35:40,822 [INFO] [SCORE] Result: 71, Band: Lightly Healthy, Grade: B
2025-09-07 15:35:40,822 [INFO] [EXPLAIN] Drivers: ['Energy: 539.0 kcal/100g', 'Sugars: 56.3 g/100g', 'Saturated fat: 10.6 g/100g', 'Sodium: 0.11 g salt/100g', 'Protein: 6.3 g/100g']
2025-09-07 15:35:40,822 [INFO] [EXPLAIN] Evidence: ['High energy \u2192 negative effect', 'High sugars \u2192 negative effect', 'High sat fat \u2192 negative', 'High salt \u2192 negative', 'Protein \u2192 positive']
2025-09-07 15:35:40,823 [INFO] === RUN COMPLETE ===

2025-09-07 15:38:08,859 [INFO] === NEW RUN START ===
2025-09-07 15:38:08,868 [INFO] === RUN COMPLETE ===

2025-09-07 15:38:13,167 [INFO] === NEW RUN START ===
2025-09-07 15:38:13,177 [INFO] === RUN COMPLETE ===

2025-09-07 15:38:18,271 [INFO] === NEW RUN START ===
2025-09-07 15:38:18,280 [INFO] === RUN COMPLETE ===

2025-09-07 15:38:18,496 [INFO] === NEW RUN START ===
2025-09-07 15:38:40,965 [INFO] === NEW RUN START ===
2025-09-07 15:38:40,972 [INFO] === RUN COMPLETE ===

2025-09-07 15:38:45,151 [INFO] === NEW RUN START ===
2025-09-07 15:38:45,160 [INFO] === RUN COMPLETE ===

2025-09-07 15:38:45,380 [INFO] === NEW RUN START ===
2025-09-07 15:38:47,873 [INFO] [INGEST] Barcode lookup: 3017620429484  \u2192 Nutella
2025-09-07 15:38:47,881 [INFO] [NORMALIZE] Product ingredients: ['sucre', 'huile de palme', 'noisettes 13', 'lait écrémé en poudre 8', '7', 'cacao maigre 7', '4', 'émulsifiants  lécithines  soja  vanilline']
2025-09-07 15:38:47,881 [INFO] [NORMALIZE] Product nutrients: {'energy_kcal': 539.0, 'sugars_g': 56.3, 'salt_g': 0.107, 'fat_g': 30.9, 'saturated_fat_g': 10.6, 'fiber_g': 0, 'proteins_g': 6.3}
2025-09-07 15:38:47,884 [INFO] === RUN COMPLETE ===

2025-09-07 15:38:50,534 [INFO] === NEW RUN START ===
2025-09-07 15:38:50,543 [INFO] [NORMALIZE] Product ingredients: ['sucre', 'huile de palme', 'noisettes 13', 'lait écrémé en poudre 8', '7', 'cacao maigre 7', '4', 'émulsifiants  lécithines  soja  vanilline']
2025-09-07 15:38:50,544 [INFO] [NORMALIZE] Product nutrients: {'energy_kcal': 539.0, 'sugars_g': 56.3, 'salt_g': 0.107, 'fat_g': 30.9, 'saturated_fat_g': 10.6, 'fiber_g': 0, 'proteins_g': 6.3}
2025-09-07 15:38:50,545 [INFO] [SCORE] Calculation started
2025-09-07 15:38:50,550 [INFO] [SCORE] Result: 0, Band: Unhealthy, Grade: E
2025-09-07 15:38:50,550 [INFO] [EXPLAIN] Drivers: ['Energy: 539.0 kcal/100g', 'Sugars: 56.3 g/100g', 'Saturated fat: 10.6 g/100g', 'Sodium: 0.11 g salt/100g', 'Protein: 6.3 g/100g']
2025-09-07 15:38:50,550 [INFO] [EXPLAIN] Evidence: ['High energy \u2192 negative effect', 'High sugar \u2192 negative effect', 'High saturated fat \u2192 negative effect', 'High salt \u2192 negative effect', 'Protein \u2192 positive effect']
2025-09-07 15:38:50,552 [INFO] === RUN COMPLETE ===

2025-09-07 15:38:55,192 [INFO] === NEW RUN START ===
2025-09-07 15:38:55,200 [INFO] [NORMALIZE] Product ingredients: ['sucre', 'huile de palme', 'noisettes 13', 'lait écrémé en poudre 8', '7', 'cacao maigre 7', '4', 'émulsifiants  lécithines  soja  vanilline']
2025-09-07 15:38:55,200 [INFO] [NORMALIZE] Product nutrients: {'energy_kcal': 539.0, 'sugars_g': 56.3, 'salt_g': 0.107, 'fat_g': 30.9, 'saturated_fat_g': 10.6, 'fiber_g': 0, 'proteins_g': 6.3}
2025-09-07 15:38:55,201 [INFO] === RUN COMPLETE ===

2025-09-07 15:38:57,893 [INFO] === NEW RUN START ===
2025-09-07 15:38:57,902 [INFO] [NORMALIZE] Product ingredients: ['sucre', 'huile de palme', 'noisettes 13', 'lait écrémé en poudre 8', '7', 'cacao maigre 7', '4', 'émulsifiants  lécithines  soja  vanilline']
2025-09-07 15:38:57,903 [INFO] [NORMALIZE] Product nutrients: {'energy_kcal': 539.0, 'sugars_g': 56.3, 'salt_g': 0.107, 'fat_g': 30.9, 'saturated_fat_g': 10.6, 'fiber_g': 0, 'proteins_g': 6.3}
2025-09-07 15:38:57,905 [INFO] === RUN COMPLETE ===

2025-09-07 15:38:58,110 [INFO] === NEW RUN START ===
2025-09-07 15:39:02,380 [INFO] [INGEST] Product search: coca-cola \u2192 Selected coca cola 0,5
2025-09-07 15:39:02,387 [INFO] [NORMALIZE] Product ingredients: ['water', 'fructoseglucose syrup', 'carbon dioxide', 'colorant e150d', 'acid phosphoric acid', 'natural flavors', 'caffeine flavoring']
2025-09-07 15:39:02,387 [INFO] [NORMALIZE] Product nutrients: {'energy_kcal': 42.0, 'sugars_g': 10.6, 'salt_g': 0, 'fat_g': 0, 'saturated_fat_g': 0, 'fiber_g': 0, 'proteins_g': 0}
2025-09-07 15:39:02,390 [INFO] === RUN COMPLETE ===

2025-09-07 15:39:04,847 [INFO] === NEW RUN START ===
2025-09-07 15:39:04,856 [INFO] [NORMALIZE] Product ingredients: ['water', 'fructoseglucose syrup', 'carbon dioxide', 'colorant e150d', 'acid phosphoric acid', 'natural flavors', 'caffeine flavoring']
2025-09-07 15:39:04,856 [INFO] [NORMALIZE] Product nutrients: {'energy_kcal': 42.0, 'sugars_g': 10.6, 'salt_g': 0, 'fat_g': 0, 'saturated_fat_g': 0, 'fiber_g': 0, 'proteins_g': 0}
2025-09-07 15:39:04,858 [INFO] [SCORE] Calculation started
2025-09-07 15:39:04,860 [INFO] [SCORE] Result: 9, Band: Unhealthy, Grade: E
2025-09-07 15:39:04,860 [INFO] [EXPLAIN] Drivers: ['Energy: 42.0 kcal/100g', 'Sugars: 10.6 g/100g']
2025-09-07 15:39:04,861 [INFO] [EXPLAIN] Evidence: ['High energy \u2192 negative effect', 'High sugar \u2192 negative effect']
2025-09-07 15:39:04,862 [INFO] === RUN COMPLETE ===

